<?xml version="1.0" encoding="UTF-8"?>
<testng-results ignored="0" total="9" passed="9" failed="0" skipped="0">
  <reporter-output>
  </reporter-output>
  <suite started-at="2024-11-19T00:24:02 IST" name=" collection of all test cases" finished-at="2024-11-19T00:24:02 IST" duration-ms="237">
    <groups>
      <group name="smoke">
        <method signature="test4.testerA()[pri:0, instance:TestNG.test4@49438269]" name="testerA" class="TestNG.test4"/>
        <method signature="test4.testerA()[pri:0, instance:TestNG.test4@1f59a598]" name="testerA" class="TestNG.test4"/>
      </group> <!-- smoke -->
    </groups>
    <test started-at="2024-11-19T00:24:02 IST" name="TC from framework1Testng package" finished-at="2024-11-19T00:24:02 IST" duration-ms="127">
      <class name="TestNG.test3">
        <test-method signature="APILogin()[pri:0, instance:TestNG.test3@40005471]" started-at="2024-11-19T00:24:02 IST" name="APILogin" finished-at="2024-11-19T00:24:02 IST" duration-ms="1" status="PASS">
          <reporter-output>
          </reporter-output>
        </test-method> <!-- APILogin -->
        <test-method signature="MobileLogin()[pri:0, instance:TestNG.test3@40005471]" started-at="2024-11-19T00:24:02 IST" name="MobileLogin" finished-at="2024-11-19T00:24:02 IST" duration-ms="2" status="PASS">
          <reporter-output>
          </reporter-output>
        </test-method> <!-- MobileLogin -->
        <test-method signature="WebLogin()[pri:0, instance:TestNG.test3@40005471]" started-at="2024-11-19T00:24:02 IST" name="WebLogin" finished-at="2024-11-19T00:24:02 IST" duration-ms="2" status="PASS">
          <reporter-output>
          </reporter-output>
        </test-method> <!-- WebLogin -->
      </class> <!-- TestNG.test3 -->
      <class name="TestNG.test4">
        <test-method signature="testerM()[pri:0, instance:TestNG.test4@49438269]" started-at="2024-11-19T00:24:02 IST" name="testerM" finished-at="2024-11-19T00:24:02 IST" duration-ms="10" status="PASS">
          <reporter-output>
          </reporter-output>
        </test-method> <!-- testerM -->
        <test-method signature="testerW()[pri:0, instance:TestNG.test4@49438269]" started-at="2024-11-19T00:24:02 IST" name="testerW" finished-at="2024-11-19T00:24:02 IST" duration-ms="1" status="PASS">
          <reporter-output>
          </reporter-output>
        </test-method> <!-- testerW -->
        <test-method signature="testerA()[pri:0, instance:TestNG.test4@49438269]" started-at="2024-11-19T00:24:02 IST" name="testerA" finished-at="2024-11-19T00:24:02 IST" duration-ms="5" status="PASS">
          <reporter-output>
          </reporter-output>
        </test-method> <!-- testerA -->
        <test-method signature="Business()[pri:0, instance:TestNG.test4@49438269]" started-at="2024-11-19T00:24:02 IST" name="Business" finished-at="2024-11-19T00:24:02 IST" depends-on-methods="TestNG.test4.testerM, TestNG.test4.testerW" duration-ms="2" status="PASS">
          <reporter-output>
          </reporter-output>
        </test-method> <!-- Business -->
      </class> <!-- TestNG.test4 -->
      <class name="TestNG.Test1">
        <test-method is-config="true" signature="BT()[pri:0, instance:TestNG.Test1@4b2bac3f]" started-at="2024-11-19T00:24:02 IST" name="BT" finished-at="2024-11-19T00:24:02 IST" duration-ms="1" status="PASS">
          <reporter-output>
          </reporter-output>
        </test-method> <!-- BT -->
        <test-method is-config="true" signature="BC()[pri:0, instance:TestNG.Test1@4b2bac3f]" started-at="2024-11-19T00:24:02 IST" name="BC" finished-at="2024-11-19T00:24:02 IST" duration-ms="1" status="PASS">
          <reporter-output>
          </reporter-output>
        </test-method> <!-- BC -->
        <test-method is-config="true" signature="bm()[pri:0, instance:TestNG.Test1@4b2bac3f]" started-at="2024-11-19T00:24:02 IST" name="bm" finished-at="2024-11-19T00:24:02 IST" duration-ms="0" status="PASS">
          <reporter-output>
          </reporter-output>
        </test-method> <!-- bm -->
        <test-method signature="test()[pri:0, instance:TestNG.Test1@4b2bac3f]" started-at="2024-11-19T00:24:02 IST" name="test" finished-at="2024-11-19T00:24:02 IST" duration-ms="7" status="PASS">
          <reporter-output>
          </reporter-output>
        </test-method> <!-- test -->
        <test-method is-config="true" signature="am()[pri:0, instance:TestNG.Test1@4b2bac3f]" started-at="2024-11-19T00:24:02 IST" name="am" finished-at="2024-11-19T00:24:02 IST" duration-ms="0" status="PASS">
          <reporter-output>
          </reporter-output>
        </test-method> <!-- am -->
        <test-method is-config="true" signature="AC()[pri:0, instance:TestNG.Test1@4b2bac3f]" started-at="2024-11-19T00:24:02 IST" name="AC" finished-at="2024-11-19T00:24:02 IST" duration-ms="1" status="PASS">
          <reporter-output>
          </reporter-output>
        </test-method> <!-- AC -->
        <test-method is-config="true" signature="AT()[pri:0, instance:TestNG.Test1@4b2bac3f]" started-at="2024-11-19T00:24:02 IST" name="AT" finished-at="2024-11-19T00:24:02 IST" duration-ms="0" status="PASS">
          <reporter-output>
          </reporter-output>
        </test-method> <!-- AT -->
      </class> <!-- TestNG.Test1 -->
    </test> <!-- TC from framework1Testng package -->
    <test started-at="2024-11-19T00:24:02 IST" name="smoke test only" finished-at="2024-11-19T00:24:02 IST" duration-ms="8">
      <class name="TestNG.test4">
        <test-method signature="testerA()[pri:0, instance:TestNG.test4@1f59a598]" started-at="2024-11-19T00:24:02 IST" name="testerA" finished-at="2024-11-19T00:24:02 IST" duration-ms="2" status="PASS">
          <reporter-output>
          </reporter-output>
        </test-method> <!-- testerA -->
      </class> <!-- TestNG.test4 -->
      <class name="TestNG.Test1">
        <test-method is-config="true" signature="BS()[pri:0, instance:TestNG.Test1@4b2bac3f]" started-at="2024-11-19T00:24:02 IST" name="BS" finished-at="2024-11-19T00:24:02 IST" duration-ms="22" status="PASS">
          <reporter-output>
          </reporter-output>
        </test-method> <!-- BS -->
        <test-method is-config="true" signature="AS()[pri:0, instance:TestNG.Test1@4b2bac3f]" started-at="2024-11-19T00:24:02 IST" name="AS" finished-at="2024-11-19T00:24:02 IST" duration-ms="0" status="PASS">
          <reporter-output>
          </reporter-output>
        </test-method> <!-- AS -->
      </class> <!-- TestNG.Test1 -->
    </test> <!-- smoke test only -->
  </suite> <!--  collection of all test cases -->
</testng-results>
