<?xml version="1.0" encoding="UTF-8"?>
<!-- Generated by org.testng.reporters.JUnitXMLReporter -->
<testsuite ignored="4" hostname="INBMWN154463" failures="0" tests="1" name="smoke test only" time="0.004" errors="0" timestamp="2024-11-18T23:24:39 IST">
  <testcase classname="TestNG.test4" name="testerA" time="0.001"/>
  <testcase classname="TestNG.test4" name="testerM" time="0.0">
    <ignored/>
  </testcase> <!-- testerM -->
  <testcase classname="TestNG.test4" name="Dev" time="0.0">
    <ignored/>
  </testcase> <!-- Dev -->
  <testcase classname="TestNG.test4" name="Business" time="0.0">
    <ignored/>
  </testcase> <!-- Business -->
  <testcase classname="TestNG.test4" name="testerW" time="0.0">
    <ignored/>
  </testcase> <!-- testerW -->
</testsuite> <!-- smoke test only -->
