<?xml version="1.0" encoding="UTF-8"?>
<!-- Generated by org.testng.reporters.JUnitXMLReporter -->
<testsuite ignored="1" hostname="INBMWN154463" failures="0" tests="8" name="TC from framework1Testng package" time="0.095" errors="0" timestamp="2024-11-18T23:24:39 IST">
  <testcase classname="TestNG.Test1" name="test" time="0.005"/>
  <testcase classname="TestNG.test3" name="APILogin" time="0.001"/>
  <testcase classname="TestNG.test3" name="MobileLogin" time="0.001"/>
  <testcase classname="TestNG.test3" name="WebLogin" time="0.002"/>
  <testcase classname="TestNG.test4" name="testerM" time="0.007"/>
  <testcase classname="TestNG.test4" name="testerW" time="0.003"/>
  <testcase classname="TestNG.test4" name="testerA" time="0.003"/>
  <testcase classname="TestNG.test4" name="Business" time="0.002"/>
  <testcase classname="TestNG.test4" name="Dev" time="0.0">
    <ignored/>
  </testcase> <!-- Dev -->
</testsuite> <!-- TC from framework1Testng package -->
